Added Pin To Net: NetName=Net*_A1 Pin=*-B1
Added Pin To Net: NetName=Net*_A1 Pin=*-B2
Added Pin To Net: NetName=Net*_A1 Pin=*-B3
Added Pin To Net: NetName=Net*_A1 Pin=*-B4
Added Pin To Net: NetName=Net*_A1 Pin=*-B5
Added Pin To Net: NetName=Net*_A1 Pin=*-C1
Added Pin To Net: NetName=Net*_A1 Pin=*-C2
Added Pin To Net: NetName=Net*_A1 Pin=*-C3
Added Pin To Net: NetName=Net*_A1 Pin=*-C4
Added Pin To Net: NetName=Net*_A8 Pin=*-A8
Added Pin To Net: NetName=Net*_A8 Pin=*-A9
Added Pin To Net: NetName=Net*_A8 Pin=*-A10
Added Pin To Net: NetName=Net*_A8 Pin=*-A11
Added Pin To Net: NetName=Net*_A8 Pin=*-A12
Added Pin To Net: NetName=Net*_A8 Pin=*-B8
Added Pin To Net: NetName=Net*_A8 Pin=*-B9
Added Pin To Net: NetName=Net*_A8 Pin=*-B10
Added Pin To Net: NetName=Net*_A8 Pin=*-B11
Added Pin To Net: NetName=Net*_A8 Pin=*-B12
Added Pin To Net: NetName=Net*_A8 Pin=*-C9
Added Pin To Net: NetName=Net*_A8 Pin=*-C10
Added Pin To Net: NetName=Net*_A8 Pin=*-C11
Added Pin To Net: NetName=Net*_A8 Pin=*-C12
Added Net: Name=Net*_A8
Added Pin To Net: NetName=Net*_B6 Pin=*-B6
Added Pin To Net: NetName=Net*_B6 Pin=*-B7
Added Pin To Net: NetName=Net*_B6 Pin=*-D1
Added Pin To Net: NetName=Net*_B6 Pin=*-D2
Added Pin To Net: NetName=Net*_B6 Pin=*-D3
Added Pin To Net: NetName=Net*_B6 Pin=*-D4
Added Pin To Net: NetName=Net*_B6 Pin=*-D9
Added Pin To Net: NetName=Net*_B6 Pin=*-D10
Added Pin To Net: NetName=Net*_B6 Pin=*-D11
Added Pin To Net: NetName=Net*_B6 Pin=*-D12
Added Pin To Net: NetName=Net*_B6 Pin=*-E1
Added Pin To Net: NetName=Net*_B6 Pin=*-E2
Added Pin To Net: NetName=Net*_B6 Pin=*-E3
Added Pin To Net: NetName=Net*_B6 Pin=*-E4
Added Pin To Net: NetName=Net*_B6 Pin=*-E10
Added Pin To Net: NetName=Net*_B6 Pin=*-E11
Added Pin To Net: NetName=Net*_B6 Pin=*-E12
Added Pin To Net: NetName=Net*_B6 Pin=*-F1
Added Pin To Net: NetName=Net*_B6 Pin=*-F2
Added Pin To Net: NetName=Net*_B6 Pin=*-F3
Added Pin To Net: NetName=Net*_B6 Pin=*-F10
Added Pin To Net: NetName=Net*_B6 Pin=*-F11
Added Pin To Net: NetName=Net*_B6 Pin=*-F12
Added Pin To Net: NetName=Net*_B6 Pin=*-G1
Added Pin To Net: NetName=Net*_B6 Pin=*-G3
Added Pin To Net: NetName=Net*_B6 Pin=*-G10
Added Pin To Net: NetName=Net*_B6 Pin=*-G12
Added Pin To Net: NetName=Net*_B6 Pin=*-H1
Added Pin To Net: NetName=Net*_B6 Pin=*-H2
Added Pin To Net: NetName=Net*_B6 Pin=*-H3
Added Pin To Net: NetName=Net*_B6 Pin=*-H4
Added Pin To Net: NetName=Net*_B6 Pin=*-H5
Added Pin To Net: NetName=Net*_B6 Pin=*-H6
Added Pin To Net: NetName=Net*_B6 Pin=*-H7
Added Pin To Net: NetName=Net*_B6 Pin=*-H9
Added Pin To Net: NetName=Net*_B6 Pin=*-H10
Added Pin To Net: NetName=Net*_B6 Pin=*-H11
Added Pin To Net: NetName=Net*_B6 Pin=*-J1
Added Pin To Net: NetName=Net*_B6 Pin=*-J5
Added Pin To Net: NetName=Net*_B6 Pin=*-J8
Added Pin To Net: NetName=Net*_B6 Pin=*-J12
Added Pin To Net: NetName=Net*_B6 Pin=*-K1
Added Pin To Net: NetName=Net*_B6 Pin=*-K6
Added Pin To Net: NetName=Net*_B6 Pin=*-K7
Added Pin To Net: NetName=Net*_B6 Pin=*-K8
Added Pin To Net: NetName=Net*_B6 Pin=*-K12
Added Pin To Net: NetName=Net*_B6 Pin=*-L1
Added Pin To Net: NetName=Net*_B6 Pin=*-L12
Added Pin To Net: NetName=Net*_B6 Pin=*-M1
Added Pin To Net: NetName=Net*_B6 Pin=*-M12
Added Net: Name=Net*_B6
Added Pin To Net: NetName=Net*_C7 Pin=*-C7
Added Pin To Net: NetName=Net*_C7 Pin=*-D6
Added Pin To Net: NetName=Net*_C7 Pin=*-F6
Added Pin To Net: NetName=Net*_C7 Pin=*-F7
Added Pin To Net: NetName=Net*_C7 Pin=*-G6
Added Pin To Net: NetName=Net*_C7 Pin=*-G7
Added Net: Name=Net*_C7
Added Pin To Net: NetName=Net*_J2 Pin=*-J2
Added Pin To Net: NetName=Net*_J2 Pin=*-J3
Added Pin To Net: NetName=Net*_J2 Pin=*-J4
Added Pin To Net: NetName=Net*_J2 Pin=*-J9
Added Pin To Net: NetName=Net*_J2 Pin=*-J10
Added Pin To Net: NetName=Net*_J2 Pin=*-J11
Added Pin To Net: NetName=Net*_J2 Pin=*-K2
Added Pin To Net: NetName=Net*_J2 Pin=*-K3
Added Pin To Net: NetName=Net*_J2 Pin=*-K4
Added Pin To Net: NetName=Net*_J2 Pin=*-K9
Added Pin To Net: NetName=Net*_J2 Pin=*-K10
Added Pin To Net: NetName=Net*_J2 Pin=*-K11
Added Pin To Net: NetName=Net*_J2 Pin=*-L2
Added Pin To Net: NetName=Net*_J2 Pin=*-L3
Added Pin To Net: NetName=Net*_J2 Pin=*-L4
Added Pin To Net: NetName=Net*_J2 Pin=*-L5
Added Pin To Net: NetName=Net*_J2 Pin=*-L6
Added Pin To Net: NetName=Net*_J2 Pin=*-L7
Added Pin To Net: NetName=Net*_J2 Pin=*-L8
Added Pin To Net: NetName=Net*_J2 Pin=*-L9
Added Pin To Net: NetName=Net*_J2 Pin=*-L10
Added Pin To Net: NetName=Net*_J2 Pin=*-L11
Added Pin To Net: NetName=Net*_J2 Pin=*-M2
Added Pin To Net: NetName=Net*_J2 Pin=*-M3
Added Pin To Net: NetName=Net*_J2 Pin=*-M4
Added Pin To Net: NetName=Net*_J2 Pin=*-M5
Added Pin To Net: NetName=Net*_J2 Pin=*-M6
Added Pin To Net: NetName=Net*_J2 Pin=*-M7
Added Pin To Net: NetName=Net*_J2 Pin=*-M8
Added Pin To Net: NetName=Net*_J2 Pin=*-M9
Added Pin To Net: NetName=Net*_J2 Pin=*-M10
Added Pin To Net: NetName=Net*_J2 Pin=*-M11
Added Net: Name=Net*_J2
Added Room: Name=DZ_Scheme
