Removed Member From Class: ClassName=DZ_Scheme Member=J?
Added Component: Designator=C?(CAP: 0805)
Add component (AddParameter): Name = "Parameter 1"; Value = "22ÏÍ‘"; VariantName = "[No Variations]"
Added Component: Designator=C?(CAP: 0805)
Add component (AddParameter): Name = "Parameter 1"; Value = "22ÏÍ‘"; VariantName = "[No Variations]"
Added Component: Designator=C?(CAP: 0805)
Add component (AddParameter): Name = "Parameter 1"; Value = "22ÏÍ‘"; VariantName = "[No Variations]"
Added Component: Designator=C?(CAP: 0805)
Add component (AddParameter): Name = "Parameter 1"; Value = "22ÏÍ‘"; VariantName = "[No Variations]"
Added Component: Designator=R?(RES: 1206)
Add component (AddParameter): Name = "Parameter 1"; Value = ""; VariantName = "[No Variations]"
Added Component: Designator=X?(19822951)
Add component (AddParameter): Name = "Arrow Part Number"; Value = "1982295-1"; VariantName = "[No Variations]"
Add component (AddParameter): Name = "Arrow Price/Stock"; Value = "https://www.arrow.com/en/products/1982295-1/te-connectivity"; VariantName = "[No Variations]"
Add component (AddParameter): Name = "Datasheet Link"; Value = "https://www.te.com/commerce/DocumentDelivery/DDEController?Action=srchrtrv&DocNm=1-1773894-6_ELCON_Mini_QRG_EN&DocType=Data+Sheet&DocLang=English&PartCntxt=1982295-1&DocFormat=pdf"; VariantName = "[No Variations]"
Add component (AddParameter): Name = "Height"; Value = "8mm"; VariantName = "[No Variations]"
Add component (AddParameter): Name = "Manufacturer_Name"; Value = "TE Connectivity"; VariantName = "[No Variations]"
Add component (AddParameter): Name = "Manufacturer_Part_Number"; Value = "1982295-1"; VariantName = "[No Variations]"
Add component (AddParameter): Name = "Mouser Part Number"; Value = "571-1982295-1"; VariantName = "[No Variations]"
Add component (AddParameter): Name = "Mouser Price/Stock"; Value = "https://www.mouser.co.uk/ProductDetail/TE-Connectivity/1982295-1?qs=TL6PIybY3BPz%2FGEsZ%2FgbXA%3D%3D"; VariantName = "[No Variations]"
Added Pin To Net: NetName=Net*_J2 Pin=C?-2
Added Pin To Net: NetName=Net*_J2 Pin=C?-2
Added Pin To Net: NetName=Net*_J2 Pin=C?-2
Added Pin To Net: NetName=Net*_J2 Pin=C?-2
Added Pin To Net: NetName=Net*_J2 Pin=R?-2
Added Pin To Net: NetName=Net*_J2 Pin=X?-1
Added Pin To Net: NetName=Net*_J2 Pin=X?-1
Added Pin To Net: NetName=Net*_J2 Pin=X?-1
Added Pin To Net: NetName=Net*_J2 Pin=X?-1
Added Pin To Net: NetName=GND Pin=*-F4
Added Pin To Net: NetName=GND Pin=*-J6
Added Pin To Net: NetName=GND Pin=C?-1
Added Pin To Net: NetName=GND Pin=C?-1
Added Pin To Net: NetName=GND Pin=C?-1
Added Pin To Net: NetName=GND Pin=C?-1
Added Pin To Net: NetName=GND Pin=R?-1
Added Pin To Net: NetName=GND Pin=X?-2
Added Pin To Net: NetName=GND Pin=X?-2
Added Pin To Net: NetName=GND Pin=X?-2
Added Pin To Net: NetName=GND Pin=X?-2
Added Net: Name=GND
Added Member To Class: ClassName=DZ_Scheme Member=Component C? Capasitor
Added Member To Class: ClassName=DZ_Scheme Member=Component C? Capasitor
Added Member To Class: ClassName=DZ_Scheme Member=Component C? Capasitor
Added Member To Class: ClassName=DZ_Scheme Member=Component C? Capasitor
Added Member To Class: ClassName=DZ_Scheme Member=Component R? Resistor
Added Member To Class: ClassName=DZ_Scheme Member=Component X? 1982295-1
Added Room: Name=DZ_Scheme
