Added Parameter Manufacturer_Name= to Part C4
Added Parameter Manufacturer_Name= to Part C5
Added Parameter Manufacturer_Name= to Part C6
Added Parameter Manufacturer_Name= to Part C7
Added Parameter Manufacturer_Name= to Part C8
Added Parameter Manufacturer_Name= to Part C9
Added Parameter Manufacturer_Name= to Part C10
Added Parameter Manufacturer_Name= to Part C11
Added Parameter Manufacturer_Name= to Part C12
Added Parameter Manufacturer_Name= to Part DD1
Added Parameter Manufacturer_Name= to Part R1
Added Parameter Manufacturer_Name= to Part R2
Added Parameter Manufacturer_Name= to Part R3
Added Parameter Manufacturer_Name= to Part R4
Added Parameter Manufacturer_Name= to Part R5
Added Parameter Manufacturer_Name= to Part R6
Added Parameter Manufacturer_Name= to Part R7
Added Parameter Manufacturer_Name= to Part R8
Added Parameter Manufacturer_Name= to Part R9
Added Parameter Manufacturer_Name= to Part R10
Added Parameter Manufacturer_Part_Number= to Part C4
Added Parameter Manufacturer_Part_Number= to Part C5
Added Parameter Manufacturer_Part_Number= to Part C6
Added Parameter Manufacturer_Part_Number= to Part C7
Added Parameter Manufacturer_Part_Number= to Part C8
Added Parameter Manufacturer_Part_Number= to Part C9
Added Parameter Manufacturer_Part_Number= to Part C10
Added Parameter Manufacturer_Part_Number= to Part C11
Added Parameter Manufacturer_Part_Number= to Part C12
Added Parameter Manufacturer_Part_Number= to Part DD1
Added Parameter Manufacturer_Part_Number= to Part R1
Added Parameter Manufacturer_Part_Number= to Part R2
Added Parameter Manufacturer_Part_Number= to Part R3
Added Parameter Manufacturer_Part_Number= to Part R4
Added Parameter Manufacturer_Part_Number= to Part R5
Added Parameter Manufacturer_Part_Number= to Part R6
Added Parameter Manufacturer_Part_Number= to Part R7
Added Parameter Manufacturer_Part_Number= to Part R8
Added Parameter Manufacturer_Part_Number= to Part R9
Added Parameter Manufacturer_Part_Number= to Part R10
