Change Value of Parameter Manufacturer_Name in Part DD1 Old= New=LiNear
Change Value of Parameter Manufacturer_Name in Part R1 Old= New=Vishay
Change Value of Parameter Manufacturer_Part_Number in Part R1 Old= New=CRCW1206100KFKEA
Change Value of Parameter Manufacturer_Name in Part R2 Old= New=Vishay
Change Value of Parameter Manufacturer_Part_Number in Part R2 Old= New=CRCW120610K0FKEA
Change Value of Parameter Manufacturer_Name in Part R3 Old= New=Vishay
Change Value of Parameter Manufacturer_Part_Number in Part R3 Old= New=CRCW120610K0FKEA
Change Value of Parameter Manufacturer_Name in Part R4 Old= New=Vishay
Change Value of Parameter Manufacturer_Part_Number in Part R4 Old= New=CRCW120660K4FKEA
Change Value of Parameter Manufacturer_Name in Part R5 Old= New=Vishay
Change Value of Parameter Manufacturer_Part_Number in Part R5 Old= New=CRCW120640K2FHEAP
Change Value of Parameter Manufacturer_Name in Part R6 Old= New=Vishay
Change Value of Parameter Manufacturer_Part_Number in Part R6 Old= New=CRCW1206121KFHEAP
Change Value of Parameter Manufacturer_Name in Part R7 Old= New=Vishay
Change Value of Parameter Manufacturer_Part_Number in Part R7 Old= New=CRCW120640K2FHEAP
Change Value of Parameter Manufacturer_Name in Part R8 Old= New=Vishay
Change Value of Parameter Manufacturer_Part_Number in Part R8 Old= New=CRCW120640K2FHEAP
Change Value of Parameter Manufacturer_Name in Part R9 Old= New=Vishay
Change Value of Parameter Manufacturer_Part_Number in Part R9 Old= New=CRCW120660K4FKEA
Change Value of Parameter Manufacturer_Name in Part R10 Old= New=Vishay
Change Value of Parameter Manufacturer_Part_Number in Part R10 Old= New=CRCW120660K4FKEA
