Removed Pin From Net: NetName=3.3V_IN1 Pin=X3-2
Removed Pin From Net: NetName=SDN_SIG_1 Pin=X3-3
Change Component Footprint: Designator=R3 Old Footprint=Резисторы New Footprint=RES: 1206
Change Component Footprint: Designator=R7 Old Footprint=Резисторы New Footprint=RES: 1206
Change component parameters: Designator = "R1" ("R1"); Footprint = "Резисторы"; UniqueID = "\PNJMNQYM" ("\PNJMNQYM")
Change component parameters (AddParameter): Name = "HelpURL"; Value = ""; VariantName = "[No Variations]"
Change component parameters (AddParameter): Name = "Manufacturer"; Value = ""; VariantName = "[No Variations]"
Change component parameters (AddParameter): Name = "Package"; Value = ""; VariantName = "[No Variations]"
Change component parameters (AddParameter): Name = "PartNumber"; Value = ""; VariantName = "[No Variations]"
Change component parameters (AddParameter): Name = "Power"; Value = ""; VariantName = "[No Variations]"
Change component parameters (AddParameter): Name = "Temperature"; Value = ""; VariantName = "[No Variations]"
Change component parameters (AddParameter): Name = "Tolerance"; Value = ""; VariantName = "[No Variations]"
Change component parameters (AddParameter): Name = "TypeResistor"; Value = ""; VariantName = "[No Variations]"
Change component parameters (AddParameter): Name = "Value"; Value = "39K"; VariantName = "[No Variations]"
Change component parameters (AddParameter): Name = "ValueManufacturerPartNumber"; Value = ""; VariantName = "[No Variations]"
Added Component: Designator=R13(RES: 1206)
Add component (AddParameter): Name = "HelpURL"; Value = ""; VariantName = "[No Variations]"
Add component (AddParameter): Name = "Manufacturer"; Value = ""; VariantName = "[No Variations]"
Add component (AddParameter): Name = "Package"; Value = ""; VariantName = "[No Variations]"
Add component (AddParameter): Name = "PartNumber"; Value = ""; VariantName = "[No Variations]"
Add component (AddParameter): Name = "Power"; Value = ""; VariantName = "[No Variations]"
Add component (AddParameter): Name = "Temperature"; Value = ""; VariantName = "[No Variations]"
Add component (AddParameter): Name = "Tolerance"; Value = ""; VariantName = "[No Variations]"
Add component (AddParameter): Name = "TypeResistor"; Value = ""; VariantName = "[No Variations]"
Add component (AddParameter): Name = "Value"; Value = "6K8"; VariantName = "[No Variations]"
Add component (AddParameter): Name = "ValueManufacturerPartNumber"; Value = ""; VariantName = "[No Variations]"
Added Component: Designator=R14(RES: 1206)
Add component (AddParameter): Name = "HelpURL"; Value = ""; VariantName = "[No Variations]"
Add component (AddParameter): Name = "Manufacturer"; Value = ""; VariantName = "[No Variations]"
Add component (AddParameter): Name = "Package"; Value = ""; VariantName = "[No Variations]"
Add component (AddParameter): Name = "PartNumber"; Value = ""; VariantName = "[No Variations]"
Add component (AddParameter): Name = "Power"; Value = ""; VariantName = "[No Variations]"
Add component (AddParameter): Name = "Temperature"; Value = ""; VariantName = "[No Variations]"
Add component (AddParameter): Name = "Tolerance"; Value = ""; VariantName = "[No Variations]"
Add component (AddParameter): Name = "TypeResistor"; Value = ""; VariantName = "[No Variations]"
Add component (AddParameter): Name = "Value"; Value = "4K7"; VariantName = "[No Variations]"
Add component (AddParameter): Name = "ValueManufacturerPartNumber"; Value = ""; VariantName = "[No Variations]"
Added Component: Designator=VT7(TO92)
Add component (AddParameter): Name = "CurrentCE"; Value = "100mA"; VariantName = "[No Variations]"
Add component (AddParameter): Name = "CurrentGain"; Value = "420"; VariantName = "[No Variations]"
Add component (AddParameter): Name = "Frequency"; Value = "100MHz"; VariantName = "[No Variations]"
Add component (AddParameter): Name = "HelpURL"; Value = "https://www.digikey.com/product-detail/en/on-semiconductor/BC847CLT1G/BC847CLT1GOSCT-ND/917836"; VariantName = "[No Variations]"
Add component (AddParameter): Name = "Manufacturer"; Value = "ON Semiconductor"; VariantName = "[No Variations]"
Add component (AddParameter): Name = "MaxPower"; Value = "300mW"; VariantName = "[No Variations]"
Add component (AddParameter): Name = "Package"; Value = "SOT-23"; VariantName = "[No Variations]"
Add component (AddParameter): Name = "PartNumber"; Value = "BC547"; VariantName = "[No Variations]"
Add component (AddParameter): Name = "Temperature"; Value = "-55...+125°C"; VariantName = "[No Variations]"
Add component (AddParameter): Name = "TypeTransistor"; Value = "NPN transistor"; VariantName = "[No Variations]"
Add component (AddParameter): Name = "ValueManufacturerPartNumber"; Value = "#NAME?"; VariantName = "[No Variations]"
Add component (AddParameter): Name = "VoltageCE"; Value = "45V"; VariantName = "[No Variations]"
Add component (AddParameter): Name = "VoltageSaturation"; Value = "0.6V"; VariantName = "[No Variations]"
Added Pin To Net: NetName=NetR1_1 Pin=R13-1
Added Pin To Net: NetName=GND Pin=R13-2
Added Pin To Net: NetName=NetR1_1 Pin=VT7-2
Added Pin To Net: NetName=GND Pin=VT7-3
Added Pin To Net: NetName=3.3V_IN2 Pin=R14-2
Added Pin To Net: NetName=3.3V_IN2 Pin=X3-2
Added Net: Name=3.3V_IN2
Added Pin To Net: NetName=SDN_SIG_2 Pin=R14-1
Added Pin To Net: NetName=SDN_SIG_2 Pin=VT7-1
Added Pin To Net: NetName=SDN_SIG_2 Pin=X3-3
Added Net: Name=SDN_SIG_2
Added Member To Class: ClassName=Scheme_UPS_RPI Member=Component R13
Added Member To Class: ClassName=Scheme_UPS_RPI Member=Component R14
Added Member To Class: ClassName=Scheme_UPS_RPI Member=Component SB1 MTS-102-C4
Added Member To Class: ClassName=Scheme_UPS_RPI Member=Component VT7 #NAME?
Added Room: Name=Scheme_UPS_RPI
