Replace Part C1 Ceramic_0805 in D:\Altium projects\UF_LEDS_BOARD\Scheme.SchDoc with Ceramic_0805 from Capacitor.IntLib
Replace Part C2 Aluminium in D:\Altium projects\UF_LEDS_BOARD\Scheme.SchDoc with Aluminium from Capacitor.IntLib
Replace Part C3 Ceramic_0805 in D:\Altium projects\UF_LEDS_BOARD\Scheme.SchDoc with Ceramic_0805 from Capacitor.IntLib
Replace Part C4 Aluminium in D:\Altium projects\UF_LEDS_BOARD\Scheme.SchDoc with Aluminium from Capacitor.IntLib
Replace Part C5 Ceramic_0805 in D:\Altium projects\UF_LEDS_BOARD\Scheme.SchDoc with Ceramic_0805 from Capacitor.IntLib
Replace Part C6 Aluminium in D:\Altium projects\UF_LEDS_BOARD\Scheme.SchDoc with Aluminium from Capacitor.IntLib
Replace Part C7 Ceramic_0805 in D:\Altium projects\UF_LEDS_BOARD\Scheme.SchDoc with Ceramic_0805 from Capacitor.IntLib
Replace Part C8 Aluminium in D:\Altium projects\UF_LEDS_BOARD\Scheme.SchDoc with Aluminium from Capacitor.IntLib
Replace Part DA1 LM2596HVGR-ADJ in D:\Altium projects\UF_LEDS_BOARD\Scheme.SchDoc with LM2596HVGR-ADJ from Schlib.SchLib
Replace Part DA2 LM2596HVGR-ADJ in D:\Altium projects\UF_LEDS_BOARD\Scheme.SchDoc with LM2596HVGR-ADJ from Schlib.SchLib
Replace Part J1 CONNECTOR_5PIN in D:\Altium projects\UF_LEDS_BOARD\Scheme.SchDoc with CONNECTOR_5PIN from Schlib.SchLib
Replace Part L1 Inductor_0805 in D:\Altium projects\UF_LEDS_BOARD\Scheme.SchDoc with Inductor_0805 from Inductor.IntLib
Replace Part L2 Inductor_0805 in D:\Altium projects\UF_LEDS_BOARD\Scheme.SchDoc with Inductor_0805 from Inductor.IntLib
Replace Part LED1 LTPL-C034UVD365 in D:\Altium projects\UF_LEDS_BOARD\Scheme.SchDoc with LTPL-C034UVD365 from Schlib.SchLib
Replace Part LED2 LTPL-C034UVD365 in D:\Altium projects\UF_LEDS_BOARD\Scheme.SchDoc with LTPL-C034UVD365 from Schlib.SchLib
Replace Part LED3 LTPL-C034UVD365 in D:\Altium projects\UF_LEDS_BOARD\Scheme.SchDoc with LTPL-C034UVD365 from Schlib.SchLib
Replace Part LED4 LTPL-C034UVD365 in D:\Altium projects\UF_LEDS_BOARD\Scheme.SchDoc with LTPL-C034UVD365 from Schlib.SchLib
Replace Part LED5 TO-3535BC-UVC265-30-6V-E in D:\Altium projects\UF_LEDS_BOARD\Scheme.SchDoc with TO-3535BC-UVC265-30-6V-E from Schlib.SchLib
Replace Part LED6 TO-3535BC-UVC265-30-6V-E in D:\Altium projects\UF_LEDS_BOARD\Scheme.SchDoc with TO-3535BC-UVC265-30-6V-E from Schlib.SchLib
Replace Part LED7 TO-3535BC-UVC265-30-6V-E in D:\Altium projects\UF_LEDS_BOARD\Scheme.SchDoc with TO-3535BC-UVC265-30-6V-E from Schlib.SchLib
Replace Part LED8 TO-3535BC-UVC265-30-6V-E in D:\Altium projects\UF_LEDS_BOARD\Scheme.SchDoc with TO-3535BC-UVC265-30-6V-E from Schlib.SchLib
Replace Part LED9 LTPL-U06UVC280GL in D:\Altium projects\UF_LEDS_BOARD\Scheme.SchDoc with LTPL-U06UVC280GL from Schlib.SchLib
Replace Part LED10 LTPL-U06UVC280GL in D:\Altium projects\UF_LEDS_BOARD\Scheme.SchDoc with LTPL-U06UVC280GL from Schlib.SchLib
Replace Part LED11 LTPL-U06UVC280GL in D:\Altium projects\UF_LEDS_BOARD\Scheme.SchDoc with LTPL-U06UVC280GL from Schlib.SchLib
Replace Part LED12 LTPL-U06UVC280GL in D:\Altium projects\UF_LEDS_BOARD\Scheme.SchDoc with LTPL-U06UVC280GL from Schlib.SchLib
Replace Part R1 Resistor_0805 in D:\Altium projects\UF_LEDS_BOARD\Scheme.SchDoc with Resistor_0805 from Resistor.IntLib
Replace Part R2 Resistor_0805 in D:\Altium projects\UF_LEDS_BOARD\Scheme.SchDoc with Resistor_0805 from Resistor.IntLib
Replace Part R3 Resistor_0805 in D:\Altium projects\UF_LEDS_BOARD\Scheme.SchDoc with Resistor_0805 from Resistor.IntLib
Replace Part R4 Resistor_0805 in D:\Altium projects\UF_LEDS_BOARD\Scheme.SchDoc with Resistor_0805 from Resistor.IntLib
Replace Part R5 Resistor_0805 in D:\Altium projects\UF_LEDS_BOARD\Scheme.SchDoc with Resistor_0805 from Resistor.IntLib
Replace Part R6 Resistor_0805 in D:\Altium projects\UF_LEDS_BOARD\Scheme.SchDoc with Resistor_0805 from Resistor.IntLib
Replace Part R7 Resistor_0805 in D:\Altium projects\UF_LEDS_BOARD\Scheme.SchDoc with Resistor_0805 from Resistor.IntLib
Replace Part R8 Resistor_0805 in D:\Altium projects\UF_LEDS_BOARD\Scheme.SchDoc with Resistor_0805 from Resistor.IntLib
Replace Part R9 Resistor_0805 in D:\Altium projects\UF_LEDS_BOARD\Scheme.SchDoc with Resistor_0805 from Resistor.IntLib
Replace Part R10 Resistor_0805 in D:\Altium projects\UF_LEDS_BOARD\Scheme.SchDoc with Resistor_0805 from Resistor.IntLib
Replace Part R11 Resistor_0805 in D:\Altium projects\UF_LEDS_BOARD\Scheme.SchDoc with Resistor_0805 from Resistor.IntLib
Replace Part R12 Resistor_0805 in D:\Altium projects\UF_LEDS_BOARD\Scheme.SchDoc with Resistor_0805 from Resistor.IntLib
Replace Part R13 Resistor_0805 in D:\Altium projects\UF_LEDS_BOARD\Scheme.SchDoc with Resistor_0805 from Resistor.IntLib
Replace Part R14 Resistor_0805 in D:\Altium projects\UF_LEDS_BOARD\Scheme.SchDoc with Resistor_0805 from Resistor.IntLib
Replace Part R15 Resistor_0805 in D:\Altium projects\UF_LEDS_BOARD\Scheme.SchDoc with Resistor_0805 from Resistor.IntLib
Replace Part R16 Resistor_0805 in D:\Altium projects\UF_LEDS_BOARD\Scheme.SchDoc with Resistor_0805 from Resistor.IntLib
Replace Part R17 Resistor_0805 in D:\Altium projects\UF_LEDS_BOARD\Scheme.SchDoc with Resistor_0805 from Resistor.IntLib
Replace Part R18 Resistor_0805 in D:\Altium projects\UF_LEDS_BOARD\Scheme.SchDoc with Resistor_0805 from Resistor.IntLib
Replace Part R19 Resistor_0805 in D:\Altium projects\UF_LEDS_BOARD\Scheme.SchDoc with Resistor_0805 from Resistor.IntLib
Replace Part VD1 Schottky_single in D:\Altium projects\UF_LEDS_BOARD\Scheme.SchDoc with Schottky_single from Diode.IntLib
Replace Part VD2 Schottky_single in D:\Altium projects\UF_LEDS_BOARD\Scheme.SchDoc with Schottky_single from Diode.IntLib
Replace Part VT1 BJT_NPN_123 in D:\Altium projects\UF_LEDS_BOARD\Scheme.SchDoc with BJT_NPN_123 from Transistor.IntLib
Replace Part VT2 BJT_NPN_123 in D:\Altium projects\UF_LEDS_BOARD\Scheme.SchDoc with BJT_NPN_123 from Transistor.IntLib
Replace Part VT3 BJT_NPN_123 in D:\Altium projects\UF_LEDS_BOARD\Scheme.SchDoc with BJT_NPN_123 from Transistor.IntLib
