Removed Pin From Net: NetName=GND Pin=C3-1
Removed Pin From Net: NetName=5V Pin=C3-2
Change Component DesignItemId : Designator=C3 Old DesignItemId=Ceramic_0805 New DesignItemId=Aluminium
Change Component Footprint: Designator=C3 Old Footprint=CAP: 0805 New Footprint=CAP: D8C3.5H12
Change Component Comment : Designator=C3 Old Comment=Ceramic capacitor, 100ÏÍ‘, X7R, ±10%, 16V, 0805, -55...+125∞C New Comment=Aluminium capacitor, 100ÏÍ‘, 25V, ±20%, 54mOhm, 14x10x5 mm, -55...+105∞C
Change component parameters: Designator = "VD1" ("VD1"); Footprint = "DIODE: SMA"; UniqueID = "\MITPIAIW" ("\MITPIAIW")
Change component parameters (AddParameter): Name = "Current"; Value = "150mA"; VariantName = "[No Variations]"
Change component parameters (AddParameter): Name = "HelpURL"; Value = "https://www.digikey.com/product-detail/en/micro-commercial-co/1N4148WX-TP/1N4148WXTPMSCT-ND/717312"; VariantName = "[No Variations]"
Change component parameters (AddParameter): Name = "Manufacturer"; Value = "Micro Commercial"; VariantName = "[No Variations]"
Change component parameters (AddParameter): Name = "Package"; Value = "SOD-323"; VariantName = "[No Variations]"
Change component parameters (AddParameter): Name = "PartNumber"; Value = "SMAJ5.0A-TR"; VariantName = "[No Variations]"
Change component parameters (AddParameter): Name = "RecoveryTime"; Value = "4ns"; VariantName = "[No Variations]"
Change component parameters (AddParameter): Name = "Temperature"; Value = "-55...+150∞C"; VariantName = "[No Variations]"
Change component parameters (AddParameter): Name = "TypeDiode"; Value = "Single diode"; VariantName = "[No Variations]"
Change component parameters (AddParameter): Name = "ValueManufacturerPartNumber"; Value = "Single diode, 75V, 150mA, 1V, 4ns, SOD-323, -55...+150∞C"; VariantName = "[No Variations]"
Change component parameters (AddParameter): Name = "Voltage"; Value = "75V"; VariantName = "[No Variations]"
Change component parameters (AddParameter): Name = "VoltageDrop"; Value = "1V"; VariantName = "[No Variations]"
Change component parameters: Designator = "VD2" ("VD2"); Footprint = "DIODE: SMA"; UniqueID = "\MUKWSGGM" ("\MUKWSGGM")
Change component parameters (AddParameter): Name = "Current"; Value = "150mA"; VariantName = "[No Variations]"
Change component parameters (AddParameter): Name = "HelpURL"; Value = "https://www.digikey.com/product-detail/en/micro-commercial-co/1N4148WX-TP/1N4148WXTPMSCT-ND/717312"; VariantName = "[No Variations]"
Change component parameters (AddParameter): Name = "Manufacturer"; Value = "Micro Commercial"; VariantName = "[No Variations]"
Change component parameters (AddParameter): Name = "Package"; Value = "SOD-323"; VariantName = "[No Variations]"
Change component parameters (AddParameter): Name = "PartNumber"; Value = "SMAJ5.0A-TR"; VariantName = "[No Variations]"
Change component parameters (AddParameter): Name = "RecoveryTime"; Value = "4ns"; VariantName = "[No Variations]"
Change component parameters (AddParameter): Name = "Temperature"; Value = "-55...+150∞C"; VariantName = "[No Variations]"
Change component parameters (AddParameter): Name = "TypeDiode"; Value = "Single diode"; VariantName = "[No Variations]"
Change component parameters (AddParameter): Name = "ValueManufacturerPartNumber"; Value = "Single diode, 75V, 150mA, 1V, 4ns, SOD-323, -55...+150∞C"; VariantName = "[No Variations]"
Change component parameters (AddParameter): Name = "Voltage"; Value = "75V"; VariantName = "[No Variations]"
Change component parameters (AddParameter): Name = "VoltageDrop"; Value = "1V"; VariantName = "[No Variations]"
Change component parameters: Designator = "VD4" ("VD4"); Footprint = "DIODE: SMA"; UniqueID = "\RJJIYVOL" ("\RJJIYVOL")
Change component parameters (AddParameter): Name = "Current"; Value = "150mA"; VariantName = "[No Variations]"
Change component parameters (AddParameter): Name = "HelpURL"; Value = "https://www.digikey.com/product-detail/en/micro-commercial-co/1N4148WX-TP/1N4148WXTPMSCT-ND/717312"; VariantName = "[No Variations]"
Change component parameters (AddParameter): Name = "Manufacturer"; Value = "Micro Commercial"; VariantName = "[No Variations]"
Change component parameters (AddParameter): Name = "Package"; Value = "SOD-323"; VariantName = "[No Variations]"
Change component parameters (AddParameter): Name = "PartNumber"; Value = "SMAJ5.0A-TR"; VariantName = "[No Variations]"
Change component parameters (AddParameter): Name = "RecoveryTime"; Value = "4ns"; VariantName = "[No Variations]"
Change component parameters (AddParameter): Name = "Temperature"; Value = "-55...+150∞C"; VariantName = "[No Variations]"
Change component parameters (AddParameter): Name = "TypeDiode"; Value = "Single diode"; VariantName = "[No Variations]"
Change component parameters (AddParameter): Name = "ValueManufacturerPartNumber"; Value = "Single diode, 75V, 150mA, 1V, 4ns, SOD-323, -55...+150∞C"; VariantName = "[No Variations]"
Change component parameters (AddParameter): Name = "Voltage"; Value = "75V"; VariantName = "[No Variations]"
Change component parameters (AddParameter): Name = "VoltageDrop"; Value = "1V"; VariantName = "[No Variations]"
Change component parameters: Designator = "C3" ("C3"); Footprint = "CAP: 0805"; UniqueID = "\NEVNLJMZ" ("\NEVNLJMZ")
Change component parameters (AddParameter): Name = "HelpURL"; Value = "https://www.digikey.com/product-detail/en/wurth-electronics-inc/860080475013/732-9029-1-ND/5728972"; VariantName = "[No Variations]"
Change component parameters (AddParameter): Name = "Impedance"; Value = "54mOhm"; VariantName = "[No Variations]"
Change component parameters (AddParameter): Name = "Manufacturer"; Value = "Wurth"; VariantName = "[No Variations]"
Change component parameters (AddParameter): Name = "Package"; Value = "14x10x5 mm"; VariantName = "[No Variations]"
Change component parameters (AddParameter): Name = "PartNumber"; Value = "860080475013"; VariantName = "[No Variations]"
Change component parameters (AddParameter): Name = "Temperature"; Value = "-55...+105∞C"; VariantName = "[No Variations]"
Change component parameters (AddParameter): Name = "Tolerance"; Value = "±20%"; VariantName = "[No Variations]"
Change component parameters (AddParameter): Name = "TypeCapacitor"; Value = "Aluminium capacitor"; VariantName = "[No Variations]"
Change component parameters (AddParameter): Name = "Value"; Value = "100ÏÍ‘"; VariantName = "[No Variations]"
Change component parameters (AddParameter): Name = "ValueManufacturerPartNumber"; Value = "Aluminium capacitor, 100ÏÍ‘, 25V, ±20%, 54mOhm, 14x10x5 mm, -55...+105∞C"; VariantName = "[No Variations]"
Change component parameters (AddParameter): Name = "Voltage"; Value = "25V"; VariantName = "[No Variations]"
Added Pin To Net: NetName=5V Pin=C3-1
Added Pin To Net: NetName=GND Pin=C3-2
