Change Component Designator: Old Designator=C? New Designator=C1
Change Component Designator: Old Designator=C? New Designator=C2
Change Component Designator: Old Designator=C? New Designator=C3
Change Component Designator: Old Designator=C? New Designator=C4
Change Component Designator: Old Designator=IC? New Designator=IC1
Change Component Designator: Old Designator=IC? New Designator=IC2
Change Component Designator: Old Designator=J? New Designator=J1
Change Component Designator: Old Designator=J? New Designator=J2
Change Component Designator: Old Designator=R? New Designator=R1
Change Component Designator: Old Designator=R? New Designator=R2
Change Component Designator: Old Designator=R? New Designator=R3
Change Component Designator: Old Designator=R? New Designator=R4
Change Component Designator: Old Designator=R? New Designator=R5
Change Component Designator: Old Designator=R? New Designator=R6
Change Component Designator: Old Designator=R? New Designator=R7
Change Component Designator: Old Designator=R? New Designator=R8
Change Component Designator: Old Designator=R? New Designator=R9
Change Component Designator: Old Designator=R? New Designator=R10
Change Component Designator: Old Designator=R? New Designator=R11
Change Component Designator: Old Designator=R? New Designator=R12
Change Component Designator: Old Designator=R? New Designator=R13
Change Component Designator: Old Designator=R? New Designator=R14
Change Component Designator: Old Designator=R? New Designator=R15
Change Component Designator: Old Designator=R? New Designator=R16
Change Component Designator: Old Designator=R? New Designator=R17
Change Component Designator: Old Designator=R? New Designator=R18
Change Component Designator: Old Designator=R? New Designator=R19
Change Component Designator: Old Designator=R? New Designator=R20
Change Component Designator: Old Designator=R? New Designator=R21
Change Component Designator: Old Designator=R? New Designator=R22
Change Component Designator: Old Designator=R? New Designator=R23
Change Component Designator: Old Designator=R? New Designator=R24
Change Component Designator: Old Designator=R? New Designator=R25
Change Component Designator: Old Designator=R? New Designator=R26
Change Component Designator: Old Designator=R? New Designator=R27
Change Component Designator: Old Designator=R? New Designator=R28
Change Component Designator: Old Designator=R? New Designator=R29
Change Component Designator: Old Designator=R? New Designator=R30
Change Component Designator: Old Designator=R? New Designator=R31
Change Component Designator: Old Designator=R? New Designator=R32
Change Component Designator: Old Designator=R? New Designator=R33
Change Component Designator: Old Designator=R? New Designator=R34
Change Component Designator: Old Designator=R? New Designator=R35
Change Component Designator: Old Designator=R? New Designator=R36
Change Component Designator: Old Designator=R? New Designator=R37
Change Component Designator: Old Designator=R? New Designator=R38
Change Component Designator: Old Designator=R? New Designator=R39
Change Component Designator: Old Designator=R? New Designator=R40
Change Component Designator: Old Designator=R? New Designator=R41
Change Component Designator: Old Designator=R? New Designator=R42
Change Component Designator: Old Designator=R? New Designator=R43
Change Component Designator: Old Designator=R? New Designator=R44
Change Component Designator: Old Designator=R? New Designator=R45
Change Component Designator: Old Designator=R? New Designator=R46
Change Component Designator: Old Designator=R? New Designator=R47
Change Component Designator: Old Designator=R? New Designator=R48
Change Component Designator: Old Designator=R? New Designator=R49
Change Component Designator: Old Designator=R? New Designator=R50
Change Component Designator: Old Designator=R? New Designator=R51
Change Component Designator: Old Designator=R? New Designator=R52
Change Component Designator: Old Designator=R? New Designator=R53
Change Component Designator: Old Designator=R? New Designator=R54
Change Component Designator: Old Designator=R? New Designator=R55
Change Component Designator: Old Designator=R? New Designator=R56
Change Component Designator: Old Designator=R? New Designator=R57
Change Component Designator: Old Designator=R? New Designator=R58
Change Component Designator: Old Designator=R? New Designator=R59
Change Component Designator: Old Designator=R? New Designator=R60
Change Component Designator: Old Designator=R? New Designator=R61
Change Component Designator: Old Designator=R? New Designator=R62
Change Component Designator: Old Designator=R? New Designator=R63
Change Component Designator: Old Designator=R? New Designator=R64
Change Component Designator: Old Designator=R? New Designator=R65
Change Component Designator: Old Designator=R? New Designator=R66
Change Component Designator: Old Designator=R? New Designator=R67
Change Component Designator: Old Designator=R? New Designator=R68
Change Component Designator: Old Designator=R? New Designator=R69
Change Component Designator: Old Designator=R? New Designator=R70
Change Component Designator: Old Designator=R? New Designator=R71
Change Component Designator: Old Designator=R? New Designator=R72
Change Component Designator: Old Designator=R? New Designator=R73
Change Component Designator: Old Designator=R? New Designator=R74
Change Component Designator: Old Designator=R? New Designator=R75
Change Component Designator: Old Designator=R? New Designator=R76
Change Component Designator: Old Designator=R? New Designator=R77
Change Component Designator: Old Designator=R? New Designator=R78
Change Component Designator: Old Designator=R? New Designator=R79
Change Component Designator: Old Designator=R? New Designator=R80
Change Component Designator: Old Designator=R? New Designator=R81
Change Component Designator: Old Designator=R? New Designator=R82
Change Component Designator: Old Designator=R? New Designator=R83
Change Component Designator: Old Designator=R? New Designator=R84
Change Component Designator: Old Designator=R? New Designator=R85
Change Component Designator: Old Designator=R? New Designator=R86
Change Component Designator: Old Designator=R? New Designator=R87
Change Component Designator: Old Designator=R? New Designator=R88
Change Component Designator: Old Designator=R? New Designator=R89
Change Component Designator: Old Designator=R? New Designator=R90
Change Component Designator: Old Designator=VD? New Designator=VD1
Change Component Designator: Old Designator=VD? New Designator=VD2
Change Component Designator: Old Designator=VD? New Designator=VD3
Change Component Designator: Old Designator=VD? New Designator=VD4
Change Component Designator: Old Designator=VD? New Designator=VD5
Change Component Designator: Old Designator=VD? New Designator=VD6
Change Component Designator: Old Designator=VD? New Designator=VD7
Change Component Designator: Old Designator=VD? New Designator=VD8
Change Component Designator: Old Designator=VD? New Designator=VD9
Change Component Designator: Old Designator=VD? New Designator=VD10
Change Component Designator: Old Designator=VD? New Designator=VD11
Change Component Designator: Old Designator=VD? New Designator=VD12
Change Component Designator: Old Designator=VD? New Designator=VD13
Change Component Designator: Old Designator=VD? New Designator=VD14
Change Component Designator: Old Designator=VD? New Designator=VD15
Change Component Designator: Old Designator=VD? New Designator=VD16
Change Component Designator: Old Designator=VD? New Designator=VD17
Change Component Designator: Old Designator=VD? New Designator=VD18
Change Component Designator: Old Designator=VD? New Designator=VD19
Change Component Designator: Old Designator=VD? New Designator=VD20
Change Component Designator: Old Designator=VD? New Designator=VD21
Change Component Designator: Old Designator=VD? New Designator=VD22
Change Component Designator: Old Designator=VD? New Designator=VD23
Change Component Designator: Old Designator=VD? New Designator=VD24
Change Component Designator: Old Designator=VD? New Designator=VD25
Change Component Designator: Old Designator=VD? New Designator=VD26
Change Component Designator: Old Designator=VD? New Designator=VD27
Change Component Designator: Old Designator=VD? New Designator=VD28
Change Component Designator: Old Designator=VD? New Designator=VD29
Change Component Designator: Old Designator=VD? New Designator=VD30
Change Component Designator: Old Designator=VD? New Designator=VD31
Change Component Designator: Old Designator=VD? New Designator=VD32
Change Component Designator: Old Designator=VD? New Designator=VD33
Change Component Designator: Old Designator=VD? New Designator=VD34
Change Component Designator: Old Designator=VD? New Designator=VD35
Change Component Designator: Old Designator=VD? New Designator=VD36
Change Component Designator: Old Designator=VD? New Designator=VD37
Change Component Designator: Old Designator=VD? New Designator=VD38
Change Component Designator: Old Designator=VD? New Designator=VD39
Change Component Designator: Old Designator=VD? New Designator=VD40
Change Component Designator: Old Designator=VD? New Designator=VD41
Change Component Designator: Old Designator=VD? New Designator=VD42
Change Component Designator: Old Designator=VD? New Designator=VD43
Change Component Designator: Old Designator=VD? New Designator=VD44
Change Component Designator: Old Designator=VD? New Designator=VD45
Change Component Designator: Old Designator=VD? New Designator=VD46
Change Component Designator: Old Designator=VD? New Designator=VD47
Change Component Designator: Old Designator=VD? New Designator=VD48
Change Component Designator: Old Designator=VD? New Designator=VD49
Change Component Designator: Old Designator=VD? New Designator=VD50
Change Component Designator: Old Designator=VD? New Designator=VD51
Change Component Designator: Old Designator=VD? New Designator=VD52
Change Component Designator: Old Designator=VD? New Designator=VD53
Change Component Designator: Old Designator=VD? New Designator=VD54
Change Component Designator: Old Designator=VT? New Designator=VT1
Change Component Designator: Old Designator=VT? New Designator=VT2
Change Component Designator: Old Designator=VT? New Designator=VT3
Change Component Designator: Old Designator=VT? New Designator=VT4
Change Component Designator: Old Designator=VT? New Designator=VT5
Change Component Designator: Old Designator=VT? New Designator=VT6
Change Component Designator: Old Designator=VT? New Designator=VT7
Change Component Designator: Old Designator=VT? New Designator=VT8
Change Component Designator: Old Designator=VT? New Designator=VT9
Change Component Designator: Old Designator=VT? New Designator=VT10
Change Component Designator: Old Designator=VT? New Designator=VT11
Change Component Designator: Old Designator=VT? New Designator=VT12
Change Component Designator: Old Designator=VT? New Designator=VT13
Change Component Designator: Old Designator=VT? New Designator=VT14
Change Component Designator: Old Designator=VT? New Designator=VT15
Change Component Designator: Old Designator=VT? New Designator=VT16
Change Component Designator: Old Designator=VT? New Designator=VT17
Change Component Designator: Old Designator=VT? New Designator=VT18
Change Component Designator: Old Designator=VT? New Designator=VT19
Change Component Designator: Old Designator=VT? New Designator=VT20
Change Component Designator: Old Designator=VT? New Designator=VT21
Change Component Designator: Old Designator=VT? New Designator=VT22
Change Component Designator: Old Designator=VT? New Designator=VT23
Change Component Designator: Old Designator=VT? New Designator=VT24
Change Component Designator: Old Designator=VT? New Designator=VT25
Change Component Designator: Old Designator=VT? New Designator=VT26
Change Component Designator: Old Designator=VT? New Designator=VT27
Change Component Designator: Old Designator=VT? New Designator=VT28
Change Component Designator: Old Designator=VT? New Designator=VT29
Change Component Designator: Old Designator=VT? New Designator=VT30
Change Component Designator: Old Designator=VT? New Designator=VT31
Change Component Designator: Old Designator=VT? New Designator=VT32
Change Component Designator: Old Designator=VT? New Designator=VT33
Change Component Designator: Old Designator=VT? New Designator=VT34
Change Component Designator: Old Designator=VT? New Designator=VT35
Change Component Designator: Old Designator=VT? New Designator=VT36
Change Component Designator: Old Designator=VT? New Designator=VT37
Change Component Designator: Old Designator=VT? New Designator=VT38
Change Component Designator: Old Designator=VT? New Designator=VT39
Change Component Designator: Old Designator=VT? New Designator=VT40
Change Component Designator: Old Designator=VT? New Designator=VT41
Change Component Designator: Old Designator=VT? New Designator=VT42
Change Component Designator: Old Designator=VT? New Designator=VT43
Change Component Designator: Old Designator=VT? New Designator=VT44
Change Component Designator: Old Designator=VT? New Designator=VT45
Change Component Designator: Old Designator=VT? New Designator=VT46
Change Component Designator: Old Designator=VT? New Designator=VT47
Change Component Designator: Old Designator=VT? New Designator=VT48
Change Component Designator: Old Designator=VT? New Designator=VT49
Change Component Designator: Old Designator=VT? New Designator=VT50
