Removed Pin From Net: NetName=+3.3V_RPI Pin=P3-1
Removed Pin From Net: NetName=ARD_SIG_1 Pin=P3-2
Removed Pin From Net: NetName=ARD_SIG_2 Pin=P3-3
Removed Pin From Net: NetName=ARD_SIG_3 Pin=P3-4
Removed Pin From Net: NetName=ARD_SIG_4 Pin=P3-5
Removed Pin From Net: NetName=ARD_SIG_5 Pin=P3-6
Removed Pin From Net: NetName=ARD_SIG_6 Pin=P3-7
Removed Pin From Net: NetName=RPI_GND Pin=P3-8
Removed Member From Class: ClassName=Scheme Member=P3
Added Component: Designator=P?(IDC-10PIN)
Add component (AddParameter): Name = "ComponentLink1Description"; Value = "Manufacturer URL"; VariantName = "[No Variations]"
Add component (AddParameter): Name = "ComponentLink1URL"; Value = ""; VariantName = "[No Variations]"
Add component (AddParameter): Name = "ComponentLink2Description"; Value = "Datasheet"; VariantName = "[No Variations]"
Add component (AddParameter): Name = "ComponentLink2URL"; Value = ""; VariantName = "[No Variations]"
Add component (AddParameter): Name = "DatasheetVersion"; Value = "May-16"; VariantName = "[No Variations]"
Add component (AddParameter): Name = "PackageDescription"; Value = ""; VariantName = "[No Variations]"
Add component (AddParameter): Name = "PackageReference"; Value = "IDC-8pin"; VariantName = "[No Variations]"
Added Pin To Net: NetName=ARD_SIG_1 Pin=P?-1
Added Pin To Net: NetName=ARD_SIG_2 Pin=P?-2
Added Pin To Net: NetName=ARD_SIG_3 Pin=P?-3
Added Pin To Net: NetName=ARD_SIG_4 Pin=P?-4
Added Pin To Net: NetName=ARD_SIG_5 Pin=P?-5
Added Pin To Net: NetName=ARD_SIG_6 Pin=P?-6
Added Pin To Net: NetName=+3.3V_RPI Pin=P?-7
Added Pin To Net: NetName=+3.3V_RPI Pin=P?-8
Added Pin To Net: NetName=RPI_GND Pin=P?-9
Added Pin To Net: NetName=RPI_GND Pin=P?-10
Added Member To Class: ClassName=Scheme Member=Component P? IDC-10pin
